<?xml version="1.0" encoding="UTF-8"?>
<!-- Generated by org.testng.reporters.JUnitXMLReporter -->
<testsuite ignored="0" hostname="testriq" failures="0" tests="5" name="APK 1 on Device 1" time="0.111" errors="0" timestamp="2025-01-22T15:35:40 IST">
  <testcase classname="testcases.BaseTest" name="@BeforeClass startAppiumServerAndInitializeDriver" time="-1.737540335123E9">
    <failure type="org.testng.TestNGException" message="
Parameter &amp;apos;platformName&amp;apos; is required by BeforeClass on method startAppiumServerAndInitializeDriver but has not been marked @Optional or defined
in G:\Automation Projects\testriq\src\test\resources\testng.xml">
      <![CDATA[org.testng.TestNGException: 
Parameter 'platformName' is required by BeforeClass on method startAppiumServerAndInitializeDriver but has not been marked @Optional or defined
in G:\Automation Projects\testriq\src\test\resources\testng.xml
at java.base/java.util.ArrayList.forEach(ArrayList.java:1596)
at java.base/java.util.concurrent.FutureTask.run(FutureTask.java:317)
at java.base/java.util.concurrent.ThreadPoolExecutor.runWorker(ThreadPoolExecutor.java:1144)
at java.base/java.util.concurrent.ThreadPoolExecutor$Worker.run(ThreadPoolExecutor.java:642)
at java.base/java.lang.Thread.run(Thread.java:1583)
... Removed 12 stack frames]]>
    </failure>
  </testcase> <!-- @BeforeClass startAppiumServerAndInitializeDriver -->
  <testcase classname="testcases.TC_03_Checkout" name="@BeforeMethod configuration" time="0.0">
    <skipped/>
  </testcase> <!-- @BeforeMethod configuration -->
  <testcase classname="testcases.TC_03_Checkout" name="@AfterMethod Teardown" time="0.0">
    <skipped/>
  </testcase> <!-- @AfterMethod Teardown -->
  <testcase classname="testcases.BaseTest" name="@BeforeClass startAppiumServerAndInitializeDriver" time="-1.73754033518E9">
    <failure type="org.testng.TestNGException" message="
Parameter &amp;apos;platformName&amp;apos; is required by BeforeClass on method startAppiumServerAndInitializeDriver but has not been marked @Optional or defined
in G:\Automation Projects\testriq\src\test\resources\testng.xml">
      <![CDATA[org.testng.TestNGException: 
Parameter 'platformName' is required by BeforeClass on method startAppiumServerAndInitializeDriver but has not been marked @Optional or defined
in G:\Automation Projects\testriq\src\test\resources\testng.xml
at java.base/java.util.ArrayList.forEach(ArrayList.java:1596)
at java.base/java.util.concurrent.FutureTask.run(FutureTask.java:317)
at java.base/java.util.concurrent.ThreadPoolExecutor.runWorker(ThreadPoolExecutor.java:1144)
at java.base/java.util.concurrent.ThreadPoolExecutor$Worker.run(ThreadPoolExecutor.java:642)
at java.base/java.lang.Thread.run(Thread.java:1583)
... Removed 12 stack frames]]>
    </failure>
  </testcase> <!-- @BeforeClass startAppiumServerAndInitializeDriver -->
  <testcase classname="testcases.TC_01_Login" name="@BeforeMethod configuration" time="0.0">
    <skipped/>
  </testcase> <!-- @BeforeMethod configuration -->
  <testcase classname="testcases.TC_01_Login" name="@AfterMethod Teardown" time="0.0">
    <skipped/>
  </testcase> <!-- @AfterMethod Teardown -->
  <testcase classname="testcases.BaseTest" name="@BeforeClass startAppiumServerAndInitializeDriver" time="-1.737540335192E9">
    <failure type="org.testng.TestNGException" message="
Parameter &amp;apos;platformName&amp;apos; is required by BeforeClass on method startAppiumServerAndInitializeDriver but has not been marked @Optional or defined
in G:\Automation Projects\testriq\src\test\resources\testng.xml">
      <![CDATA[org.testng.TestNGException: 
Parameter 'platformName' is required by BeforeClass on method startAppiumServerAndInitializeDriver but has not been marked @Optional or defined
in G:\Automation Projects\testriq\src\test\resources\testng.xml
at java.base/java.util.ArrayList.forEach(ArrayList.java:1596)
at java.base/java.util.concurrent.FutureTask.run(FutureTask.java:317)
at java.base/java.util.concurrent.ThreadPoolExecutor.runWorker(ThreadPoolExecutor.java:1144)
at java.base/java.util.concurrent.ThreadPoolExecutor$Worker.run(ThreadPoolExecutor.java:642)
at java.base/java.lang.Thread.run(Thread.java:1583)
... Removed 12 stack frames]]>
    </failure>
  </testcase> <!-- @BeforeClass startAppiumServerAndInitializeDriver -->
  <testcase classname="testcases.TC_02_Add_To_Cart" name="@BeforeClass configuration" time="0.0">
    <skipped/>
  </testcase> <!-- @BeforeClass configuration -->
  <testcase classname="testcases.TC_02_Add_To_Cart" name="@AfterClass Teardown" time="0.0">
    <skipped/>
  </testcase> <!-- @AfterClass Teardown -->
  <testcase classname="testcases.TC_03_Checkout" name="CheckoutTest" time="0.0">
    <skipped/>
  </testcase> <!-- CheckoutTest -->
  <testcase classname="testcases.TC_01_Login" name="LogintoTheapp" time="0.001">
    <skipped/>
  </testcase> <!-- LogintoTheapp -->
  <testcase classname="testcases.TC_02_Add_To_Cart" name="WithLoginAddToCartAndCheckout" time="0.0">
    <skipped/>
  </testcase> <!-- WithLoginAddToCartAndCheckout -->
  <testcase classname="testcases.TC_02_Add_To_Cart" name="WithoutLoginAddToCart" time="0.001">
    <skipped/>
  </testcase> <!-- WithoutLoginAddToCart -->
  <testcase classname="testcases.TC_02_Add_To_Cart" name="RemoveProductFromCart" time="0.0">
    <skipped/>
  </testcase> <!-- RemoveProductFromCart -->
</testsuite> <!-- APK 1 on Device 1 -->
