<?xml version="1.0" encoding="UTF-8"?>
<!-- Generated by org.testng.reporters.JUnitXMLReporter -->
<testsuite ignored="0" hostname="testriq" failures="1" tests="5" name="Test" time="140.344" errors="0" timestamp="2025-01-22T15:47:50 IST">
  <testcase classname="testcases.TC_01_Login" name="@BeforeMethod configuration" time="12.23">
    <failure type="org.json.JSONException" message="JSONObject[&amp;quot;email&amp;quot;] not found.">
      <![CDATA[org.json.JSONException: JSONObject["email"] not found.
at org.json.JSONObject.get(JSONObject.java:570)
at org.json.JSONObject.getString(JSONObject.java:857)
at testcases.TC_01_Login.loadLoginCredentials(TC_01_Login.java:59)
at testcases.TC_01_Login.configuration(TC_01_Login.java:27)
at java.base/java.util.ArrayList.forEach(ArrayList.java:1596)
... Removed 29 stack frames]]>
    </failure>
  </testcase> <!-- @BeforeMethod configuration -->
  <testcase classname="testcases.TC_01_Login" name="@AfterMethod Teardown" time="0.0">
    <skipped/>
  </testcase> <!-- @AfterMethod Teardown -->
  <testcase classname="testcases.TC_02_Add_To_Cart" name="@BeforeClass configuration" time="12.37">
    <failure type="org.json.JSONException" message="JSONObject[&amp;quot;email&amp;quot;] not found.">
      <![CDATA[org.json.JSONException: JSONObject["email"] not found.
at org.json.JSONObject.get(JSONObject.java:570)
at org.json.JSONObject.getString(JSONObject.java:857)
at testcases.TC_02_Add_To_Cart.loadLoginCredentials(TC_02_Add_To_Cart.java:83)
at testcases.TC_02_Add_To_Cart.configuration(TC_02_Add_To_Cart.java:33)
at java.base/java.util.ArrayList.forEach(ArrayList.java:1596)
... Removed 23 stack frames]]>
    </failure>
  </testcase> <!-- @BeforeClass configuration -->
  <testcase classname="testcases.TC_02_Add_To_Cart" name="@AfterClass Teardown" time="0.0">
    <skipped/>
  </testcase> <!-- @AfterClass Teardown -->
  <testcase classname="testcases.TC_03_Checkout" name="CheckoutTest" time="59.818">
    <failure type="org.openqa.selenium.NoSuchElementException" message="Can&amp;apos;t locate an element by this strategy: By.chained({AppiumBy.id: com.saucelabs.mydemoapp.android:id/loginTV})">
      <![CDATA[org.openqa.selenium.NoSuchElementException: Can't locate an element by this strategy: By.chained({AppiumBy.id: com.saucelabs.mydemoapp.android:id/loginTV})
at io.appium.java_client.pagefactory.AppiumElementLocator.findElement(AppiumElementLocator.java:166)
at io.appium.java_client.pagefactory.interceptors.InterceptorOfASingleElement.call(InterceptorOfASingleElement.java:75)
at io.appium.java_client.proxy.Interceptor.intercept(Interceptor.java:78)
at org.openqa.selenium.remote.RemoteWebElement$ByteBuddy$htzdE4Hi.isDisplayed(Unknown Source)
at ecommerce.Project.Login_PageObject.verifyLogOutSuccess(Login_PageObject.java:81)
at testcases.TC_03_Checkout.CheckoutTest(TC_03_Checkout.java:45)
at java.base/java.util.ArrayList.forEach(ArrayList.java:1596)
Caused by: org.openqa.selenium.TimeoutException: Expected condition failed: waiting for io.appium.java_client.pagefactory.AppiumElementLocator$WaitingFunction@373fb666 (tried for 1 second(s) with 500 milliseconds interval)
at org.openqa.selenium.support.ui.FluentWait.timeoutException(FluentWait.java:265)
at org.openqa.selenium.support.ui.FluentWait.until(FluentWait.java:228)
at io.appium.java_client.pagefactory.AppiumElementLocator.waitFor(AppiumElementLocator.java:135)
at io.appium.java_client.pagefactory.AppiumElementLocator.findElement(AppiumElementLocator.java:160)
... 31 more
Caused by: org.openqa.selenium.NoSuchElementException: Cannot locate an element using By.chained({AppiumBy.id: com.saucelabs.mydemoapp.android:id/loginTV})
For documentation on this error, please visit: https://www.selenium.dev/documentation/webdriver/troubleshooting/errors#no-such-element-exception
Build info: version: '4.28.0', revision: 'ac342546e9'
System info: os.name: 'Windows 11', os.arch: 'amd64', os.version: '10.0', java.version: '21.0.5'
Driver info: driver.version: RemoteWebDriver
at io.appium.java_client.pagefactory.bys.builder.ByChained.findElement(ByChained.java:74)
at org.openqa.selenium.remote.ElementLocation$ElementFinder$1.findElement(ElementLocation.java:139)
at org.openqa.selenium.remote.ElementLocation.findElement(ElementLocation.java:59)
at org.openqa.selenium.remote.RemoteWebDriver.findElement(RemoteWebDriver.java:368)
at org.openqa.selenium.remote.RemoteWebDriver.findElement(RemoteWebDriver.java:362)
at io.appium.java_client.pagefactory.bys.ContentMappedBy.findElement(ContentMappedBy.java:53)
at org.openqa.selenium.remote.ElementLocation$ElementFinder$1.findElement(ElementLocation.java:139)
at org.openqa.selenium.remote.ElementLocation.findElement(ElementLocation.java:59)
at org.openqa.selenium.remote.RemoteWebDriver.findElement(RemoteWebDriver.java:368)
at org.openqa.selenium.remote.RemoteWebDriver.findElement(RemoteWebDriver.java:362)
at io.appium.java_client.pagefactory.AppiumElementLocator.lambda$findElement$1(AppiumElementLocator.java:160)
at io.appium.java_client.pagefactory.AppiumElementLocator$WaitingFunction.apply(AppiumElementLocator.java:217)
at io.appium.java_client.pagefactory.AppiumElementLocator$WaitingFunction.apply(AppiumElementLocator.java:210)
at org.openqa.selenium.support.ui.FluentWait.until(FluentWait.java:203)
... 33 more
... Removed 25 stack frames]]>
    </failure>
  </testcase> <!-- CheckoutTest -->
  <testcase classname="testcases.TC_01_Login" name="LogintoTheapp" time="0.0">
    <skipped/>
  </testcase> <!-- LogintoTheapp -->
  <testcase classname="testcases.TC_02_Add_To_Cart" name="WithLoginAddToCartAndCheckout" time="0.0">
    <skipped/>
  </testcase> <!-- WithLoginAddToCartAndCheckout -->
  <testcase classname="testcases.TC_02_Add_To_Cart" name="WithoutLoginAddToCart" time="0.0">
    <skipped/>
  </testcase> <!-- WithoutLoginAddToCart -->
  <testcase classname="testcases.TC_02_Add_To_Cart" name="RemoveProductFromCart" time="0.0">
    <skipped/>
  </testcase> <!-- RemoveProductFromCart -->
</testsuite> <!-- Test -->
