<!DOCTYPE html PUBLIC "-//W3C//DTD XHTML 1.1//EN" "https://www.w3.org/TR/xhtml11/DTD/xhtml11.dtd">
<html xmlns="https://www.w3.org/1999/xhtml">
<head>
<meta http-equiv="content-type" content="text/html; charset=UTF-8"/>
<title>TestNG Report</title>
<style type="text/css">table {margin-bottom:10px;border-collapse:collapse;empty-cells:show}th,td {border:1px solid #009;padding:.25em .5em}th {vertical-align:bottom}td {vertical-align:top}table a {font-weight:bold}.stripe td {background-color: #E6EBF9}.num {text-align:right}.passedodd td {background-color: #3F3}.passedeven td {background-color: #0A0}.skippedodd td {background-color: #DDD}.skippedeven td {background-color: #CCC}.failedodd td,.attn {background-color: #F33}.failedeven td,.stripe .attn {background-color: #D00}.stacktrace {white-space:pre;font-family:monospace}.totop {font-size:85%;text-align:center;border-bottom:2px solid #000}.invisible {display:none}</style>
</head>
<body>
<table>
<tr><th>Test</th><th># Passed</th><th># Skipped</th><th># Retried</th><th># Failed</th><th>Time (ms)</th><th>Included Groups</th><th>Excluded Groups</th></tr>
<<<<<<< HEAD
<tr><th colspan="8">Appium Test Suite</th></tr>
<tr><td><a href="#t0">Test</a></td><td class="num">0</td><td class="num attn">4</td><td class="num">0</td><td class="num attn">1</td><td class="num">140,344</td><td></td><td></td></tr>
</table>
<table id='summary'><thead><tr><th>Class</th><th>Method</th><th>Start</th><th>Time (ms)</th></tr></thead><tbody><tr><th colspan="4">Appium Test Suite</th></tr></tbody><tbody id="t0"><tr><th colspan="4">Test &#8212; failed (configuration methods)</th></tr><tr class="failedeven"><td rowspan="1">testcases.TC_01_Login</td><td><a href="#m0">configuration</a></td><td rowspan="1">1737541028086</td><td rowspan="1">12230</td></tr><tr class="failedodd"><td rowspan="1">testcases.TC_02_Add_To_Cart</td><td><a href="#m1">configuration</a></td><td rowspan="1">1737541052433</td><td rowspan="1">12370</td></tr><tr><th colspan="4">Test &#8212; failed</th></tr><tr class="failedeven"><td rowspan="1">testcases.TC_03_Checkout</td><td><a href="#m2">CheckoutTest</a></td><td rowspan="1">1737540955619</td><td rowspan="1">59818</td></tr><tr><th colspan="4">Test &#8212; skipped (configuration methods)</th></tr><tr class="skippedeven"><td rowspan="1">testcases.TC_01_Login</td><td><a href="#m3">Teardown</a></td><td rowspan="1">1737541040322</td><td rowspan="1">0</td></tr><tr class="skippedodd"><td rowspan="1">testcases.TC_02_Add_To_Cart</td><td><a href="#m4">Teardown</a></td><td rowspan="1">1737541064826</td><td rowspan="1">0</td></tr><tr><th colspan="4">Test &#8212; skipped</th></tr><tr class="skippedeven"><td rowspan="1">testcases.TC_01_Login</td><td><a href="#m5">LogintoTheapp</a></td><td rowspan="1">1737541040318</td><td rowspan="1">0</td></tr><tr class="skippedodd"><td rowspan="3">testcases.TC_02_Add_To_Cart</td><td><a href="#m6">RemoveProductFromCart</a></td><td rowspan="1">1737541064820</td><td rowspan="1">0</td></tr><tr class="skippedodd"><td><a href="#m7">WithLoginAddToCartAndCheckout</a></td><td rowspan="1">1737541064805</td><td rowspan="1">0</td></tr><tr class="skippedodd"><td><a href="#m8">WithoutLoginAddToCart</a></td><td rowspan="1">1737541064814</td><td rowspan="1">0</td></tr></tbody>
</table>
<h2>Test</h2><h3 id="m0">testcases.TC_01_Login#configuration</h3><table class="result"><tr><th>Exception</th></tr><tr><td><div class="stacktrace">org.json.JSONException: JSONObject[&quot;email&quot;] not found.
	at org.json.JSONObject.get(JSONObject.java:570)
	at org.json.JSONObject.getString(JSONObject.java:857)
	at testcases.TC_01_Login.loadLoginCredentials(TC_01_Login.java:59)
	at testcases.TC_01_Login.configuration(TC_01_Login.java:27)
	at java.base/java.util.ArrayList.forEach(ArrayList.java:1596)
... Removed 29 stack frames</div></td></tr></table><p class="totop"><a href="#summary">back to summary</a></p>
<h3 id="m1">testcases.TC_02_Add_To_Cart#configuration</h3><table class="result"><tr><th>Exception</th></tr><tr><td><div class="stacktrace">org.json.JSONException: JSONObject[&quot;email&quot;] not found.
	at org.json.JSONObject.get(JSONObject.java:570)
	at org.json.JSONObject.getString(JSONObject.java:857)
	at testcases.TC_02_Add_To_Cart.loadLoginCredentials(TC_02_Add_To_Cart.java:83)
	at testcases.TC_02_Add_To_Cart.configuration(TC_02_Add_To_Cart.java:33)
	at java.base/java.util.ArrayList.forEach(ArrayList.java:1596)
... Removed 23 stack frames</div></td></tr></table><p class="totop"><a href="#summary">back to summary</a></p>
<h3 id="m2">testcases.TC_03_Checkout#CheckoutTest</h3><table class="result"><tr><th>Exception</th></tr><tr><td><div class="stacktrace">org.openqa.selenium.NoSuchElementException: Can&apos;t locate an element by this strategy: By.chained({AppiumBy.id: com.saucelabs.mydemoapp.android:id/loginTV})
	at io.appium.java_client.pagefactory.AppiumElementLocator.findElement(AppiumElementLocator.java:166)
	at io.appium.java_client.pagefactory.interceptors.InterceptorOfASingleElement.call(InterceptorOfASingleElement.java:75)
	at io.appium.java_client.proxy.Interceptor.intercept(Interceptor.java:78)
	at org.openqa.selenium.remote.RemoteWebElement$ByteBuddy$htzdE4Hi.isDisplayed(Unknown Source)
	at ecommerce.Project.Login_PageObject.verifyLogOutSuccess(Login_PageObject.java:81)
	at testcases.TC_03_Checkout.CheckoutTest(TC_03_Checkout.java:45)
	at java.base/java.util.ArrayList.forEach(ArrayList.java:1596)
Caused by: org.openqa.selenium.TimeoutException: Expected condition failed: waiting for io.appium.java_client.pagefactory.AppiumElementLocator$WaitingFunction@373fb666 (tried for 1 second(s) with 500 milliseconds interval)
	at org.openqa.selenium.support.ui.FluentWait.timeoutException(FluentWait.java:265)
	at org.openqa.selenium.support.ui.FluentWait.until(FluentWait.java:228)
	at io.appium.java_client.pagefactory.AppiumElementLocator.waitFor(AppiumElementLocator.java:135)
	at io.appium.java_client.pagefactory.AppiumElementLocator.findElement(AppiumElementLocator.java:160)
	... 31 more
Caused by: org.openqa.selenium.NoSuchElementException: Cannot locate an element using By.chained({AppiumBy.id: com.saucelabs.mydemoapp.android:id/loginTV})
For documentation on this error, please visit: https://www.selenium.dev/documentation/webdriver/troubleshooting/errors#no-such-element-exception
Build info: version: &apos;4.28.0&apos;, revision: &apos;ac342546e9&apos;
System info: os.name: &apos;Windows 11&apos;, os.arch: &apos;amd64&apos;, os.version: &apos;10.0&apos;, java.version: &apos;21.0.5&apos;
Driver info: driver.version: RemoteWebDriver
	at io.appium.java_client.pagefactory.bys.builder.ByChained.findElement(ByChained.java:74)
	at org.openqa.selenium.remote.ElementLocation$ElementFinder$1.findElement(ElementLocation.java:139)
	at org.openqa.selenium.remote.ElementLocation.findElement(ElementLocation.java:59)
	at org.openqa.selenium.remote.RemoteWebDriver.findElement(RemoteWebDriver.java:368)
	at org.openqa.selenium.remote.RemoteWebDriver.findElement(RemoteWebDriver.java:362)
	at io.appium.java_client.pagefactory.bys.ContentMappedBy.findElement(ContentMappedBy.java:53)
	at org.openqa.selenium.remote.ElementLocation$ElementFinder$1.findElement(ElementLocation.java:139)
	at org.openqa.selenium.remote.ElementLocation.findElement(ElementLocation.java:59)
	at org.openqa.selenium.remote.RemoteWebDriver.findElement(RemoteWebDriver.java:368)
	at org.openqa.selenium.remote.RemoteWebDriver.findElement(RemoteWebDriver.java:362)
	at io.appium.java_client.pagefactory.AppiumElementLocator.lambda$findElement$1(AppiumElementLocator.java:160)
	at io.appium.java_client.pagefactory.AppiumElementLocator$WaitingFunction.apply(AppiumElementLocator.java:217)
	at io.appium.java_client.pagefactory.AppiumElementLocator$WaitingFunction.apply(AppiumElementLocator.java:210)
	at org.openqa.selenium.support.ui.FluentWait.until(FluentWait.java:203)
	... 33 more
... Removed 25 stack frames</div></td></tr></table><p class="totop"><a href="#summary">back to summary</a></p>
<h3 id="m3">testcases.TC_01_Login#Teardown</h3><table class="result"><tr><th class="invisible"/></tr></table><p class="totop"><a href="#summary">back to summary</a></p>
<h3 id="m4">testcases.TC_02_Add_To_Cart#Teardown</h3><table class="result"><tr><th class="invisible"/></tr></table><p class="totop"><a href="#summary">back to summary</a></p>
<h3 id="m5">testcases.TC_01_Login#LogintoTheapp</h3><table class="result"><tr><th>Exception</th></tr><tr><td><div class="stacktrace">org.json.JSONException: JSONObject[&quot;email&quot;] not found.
	at org.json.JSONObject.get(JSONObject.java:570)
	at org.json.JSONObject.getString(JSONObject.java:857)
	at testcases.TC_01_Login.loadLoginCredentials(TC_01_Login.java:59)
	at testcases.TC_01_Login.configuration(TC_01_Login.java:27)
	at java.base/java.util.ArrayList.forEach(ArrayList.java:1596)
... Removed 29 stack frames</div></td></tr></table><p class="totop"><a href="#summary">back to summary</a></p>
<h3 id="m6">testcases.TC_02_Add_To_Cart#RemoveProductFromCart</h3><table class="result"><tr><th>Exception</th></tr><tr><td><div class="stacktrace">org.json.JSONException: JSONObject[&quot;email&quot;] not found.
	at org.json.JSONObject.get(JSONObject.java:570)
	at org.json.JSONObject.getString(JSONObject.java:857)
	at testcases.TC_02_Add_To_Cart.loadLoginCredentials(TC_02_Add_To_Cart.java:83)
	at testcases.TC_02_Add_To_Cart.configuration(TC_02_Add_To_Cart.java:33)
	at java.base/java.util.ArrayList.forEach(ArrayList.java:1596)
... Removed 23 stack frames</div></td></tr></table><p class="totop"><a href="#summary">back to summary</a></p>
<h3 id="m7">testcases.TC_02_Add_To_Cart#WithLoginAddToCartAndCheckout</h3><table class="result"><tr><th>Exception</th></tr><tr><td><div class="stacktrace">org.json.JSONException: JSONObject[&quot;email&quot;] not found.
	at org.json.JSONObject.get(JSONObject.java:570)
	at org.json.JSONObject.getString(JSONObject.java:857)
	at testcases.TC_02_Add_To_Cart.loadLoginCredentials(TC_02_Add_To_Cart.java:83)
	at testcases.TC_02_Add_To_Cart.configuration(TC_02_Add_To_Cart.java:33)
	at java.base/java.util.ArrayList.forEach(ArrayList.java:1596)
... Removed 23 stack frames</div></td></tr></table><p class="totop"><a href="#summary">back to summary</a></p>
<h3 id="m8">testcases.TC_02_Add_To_Cart#WithoutLoginAddToCart</h3><table class="result"><tr><th>Exception</th></tr><tr><td><div class="stacktrace">org.json.JSONException: JSONObject[&quot;email&quot;] not found.
	at org.json.JSONObject.get(JSONObject.java:570)
	at org.json.JSONObject.getString(JSONObject.java:857)
	at testcases.TC_02_Add_To_Cart.loadLoginCredentials(TC_02_Add_To_Cart.java:83)
	at testcases.TC_02_Add_To_Cart.configuration(TC_02_Add_To_Cart.java:33)
	at java.base/java.util.ArrayList.forEach(ArrayList.java:1596)
... Removed 23 stack frames</div></td></tr></table><p class="totop"><a href="#summary">back to summary</a></p>
=======
<tr><th colspan="8">Suite</th></tr>
<tr><td><a href="#t0">Test1</a></td><td class="num">1</td><td class="num">0</td><td class="num">0</td><td class="num">0</td><td class="num">28,743</td><td></td><td></td></tr>
<tr class="stripe"><td><a href="#t1">Test2</a></td><td class="num">4</td><td class="num">0</td><td class="num">0</td><td class="num">0</td><td class="num">96,478</td><td></td><td></td></tr>
<tr><th>Total</th><th class="num">5</th><th class="num">0</th><th class="num">0</th><th class="num">0</th><th class="num">125,221</th><th colspan="2"></th></tr>
</table>
<table id='summary'><thead><tr><th>Class</th><th>Method</th><th>Start</th><th>Time (ms)</th></tr></thead><tbody><tr><th colspan="4">Suite</th></tr></tbody><tbody id="t0"><tr><th colspan="4">Test1 &#8212; passed</th></tr><tr class="passedeven"><td rowspan="1">testcases.TC_01_Login</td><td><a href="#m0">LogintoTheapp</a></td><td rowspan="1">1737540158003</td><td rowspan="1">11361</td></tr></tbody>
<tbody id="t1"><tr><th colspan="4">Test2 &#8212; passed</th></tr><tr class="passedeven"><td rowspan="4">testcases.TC_02_Add_To_Cart</td><td><a href="#m1">Checkout</a></td><td rowspan="1">1737540219685</td><td rowspan="1">46005</td></tr><tr class="passedeven"><td><a href="#m2">RemoveProductFromCart</a></td><td rowspan="1">1737540201330</td><td rowspan="1">18347</td></tr><tr class="passedeven"><td><a href="#m3">WithLoginAddToCartAndCheckout</a></td><td rowspan="1">1737540181532</td><td rowspan="1">14192</td></tr><tr class="passedeven"><td><a href="#m4">WithoutLoginAddToCart</a></td><td rowspan="1">1737540195731</td><td rowspan="1">5594</td></tr></tbody>
</table>
<h2>Test1</h2><h3 id="m0">testcases.TC_01_Login#LogintoTheapp</h3><table class="result"><tr><th class="invisible"/></tr></table><p class="totop"><a href="#summary">back to summary</a></p>
<h2>Test2</h2><h3 id="m1">testcases.TC_02_Add_To_Cart#Checkout</h3><table class="result"><tr><th class="invisible"/></tr></table><p class="totop"><a href="#summary">back to summary</a></p>
<h3 id="m2">testcases.TC_02_Add_To_Cart#RemoveProductFromCart</h3><table class="result"><tr><th class="invisible"/></tr></table><p class="totop"><a href="#summary">back to summary</a></p>
<h3 id="m3">testcases.TC_02_Add_To_Cart#WithLoginAddToCartAndCheckout</h3><table class="result"><tr><th class="invisible"/></tr></table><p class="totop"><a href="#summary">back to summary</a></p>
<h3 id="m4">testcases.TC_02_Add_To_Cart#WithoutLoginAddToCart</h3><table class="result"><tr><th class="invisible"/></tr></table><p class="totop"><a href="#summary">back to summary</a></p>
>>>>>>> 35bb73d4c998bed77f81effd339389f177c7bbc3
</body>
</html>
